[    0.000000] Linux version 4.15.0-212-generic (buildd@lcy02-amd64-083) (gcc version 7.5.0 (Ubuntu 7.5.0-3ubuntu1~18.04)) #223-Ubuntu SMP Tue May 23 13:09:22 UTC 2023 (Ubuntu 4.15.0-212.223-generic 4.15.18)
[    0.000000] Command line: BOOT_IMAGE=/boot/vmlinuz-4.15.0-212-generic root=LABEL=cloudimg-rootfs ro console=tty1 console=ttyS0
[    0.000000] KERNEL supported cpus:
[    0.000000]   Intel GenuineIntel
[    0.000000]   AMD AuthenticAMD
[    0.000000]   Centaur CentaurHauls
[    0.000000] x86/fpu: x87 FPU will use FXSAVE
[    0.000000] e820: BIOS-provided physical RAM map:
[    0.000000] BIOS-e820: [mem 0x0000000000000000-0x000000000009fbff] usable
[    0.000000] BIOS-e820: [mem 0x000000000009fc00-0x000000000009ffff] reserved
[    0.000000] BIOS-e820: [mem 0x00000000000f0000-0x00000000000fffff] reserved
[    0.000000] BIOS-e820: [mem 0x0000000000100000-0x000000003ffeffff] usable
[    0.000000] BIOS-e820: [mem 0x000000003fff0000-0x000000003fffffff] ACPI data
[    0.000000] BIOS-e820: [mem 0x00000000fec00000-0x00000000fec00fff] reserved
[    0.000000] BIOS-e820: [mem 0x00000000fee00000-0x00000000fee00fff] reserved
[    0.000000] BIOS-e820: [mem 0x00000000fffc0000-0x00000000ffffffff] reserved
[    0.000000] NX (Execute Disable) protection: active
[    0.000000] SMBIOS 2.5 present.
[    0.000000] DMI: innotek GmbH VirtualBox/VirtualBox, BIOS VirtualBox 12/01/2006
[    0.000000] Hypervisor detected: KVM
[    0.000000] e820: last_pfn = 0x3fff0 max_arch_pfn = 0x400000000
[    0.000000] MTRR: Disabled
[    0.000000] x86/PAT: MTRRs disabled, skipping PAT initialization too.
[    0.000000] CPU MTRRs all blank - virtualized system.
[    0.000000] x86/PAT: Configuration [0-7]: WB  WT  UC- UC  WB  WT  UC- UC  
[    0.000000] found SMP MP-table at [mem 0x0009fff0-0x0009ffff]
[    0.000000] Scanning 1 areas for low memory corruption
[    0.000000] RAMDISK: [mem 0x359cb000-0x36cdcfff]
[    0.000000] ACPI: Early table checksum verification disabled
[    0.000000] ACPI: RSDP 0x00000000000E0000 000024 (v02 VBOX  )
[    0.000000] ACPI: XSDT 0x000000003FFF0030 00003C (v01 VBOX   VBOXXSDT 00000001 ASL  00000061)
[    0.000000] ACPI: FACP 0x000000003FFF00F0 0000F4 (v04 VBOX   VBOXFACP 00000001 ASL  00000061)
[    0.000000] ACPI: DSDT 0x000000003FFF0610 002353 (v02 VBOX   VBOXBIOS 00000002 INTL 20100528)
[    0.000000] ACPI: FACS 0x000000003FFF0200 000040
[    0.000000] ACPI: FACS 0x000000003FFF0200 000040
[    0.000000] ACPI: APIC 0x000000003FFF0240 00005C (v02 VBOX   VBOXAPIC 00000001 ASL  00000061)
[    0.000000] ACPI: SSDT 0x000000003FFF02A0 00036C (v01 VBOX   VBOXCPUT 00000002 INTL 20100528)
[    0.000000] ACPI: Reserving FACP table memory at [mem 0x3fff00f0-0x3fff01e3]
[    0.000000] ACPI: Reserving DSDT table memory at [mem 0x3fff0610-0x3fff2962]
[    0.000000] ACPI: Reserving FACS table memory at [mem 0x3fff0200-0x3fff023f]
[    0.000000] ACPI: Reserving FACS table memory at [mem 0x3fff0200-0x3fff023f]
[    0.000000] ACPI: Reserving APIC table memory at [mem 0x3fff0240-0x3fff029b]
[    0.000000] ACPI: Reserving SSDT table memory at [mem 0x3fff02a0-0x3fff060b]
[    0.000000] No NUMA configuration found
[    0.000000] Faking a node at [mem 0x0000000000000000-0x000000003ffeffff]
[    0.000000] NODE_DATA(0) allocated [mem 0x3ffc5000-0x3ffeffff]
[    0.000000] kvm-clock: cpu 0, msr 0:3ff44001, primary cpu clock
[    0.000000] kvm-clock: Using msrs 4b564d01 and 4b564d00
[    0.000000] kvm-clock: using sched offset of 6020076112 cycles
[    0.000000] clocksource: kvm-clock: mask: 0xffffffffffffffff max_cycles: 0x1cd42e4dffb, max_idle_ns: 881590591483 ns
[    0.000000] Zone ranges:
[    0.000000]   DMA      [mem 0x0000000000001000-0x0000000000ffffff]
[    0.000000]   DMA32    [mem 0x0000000001000000-0x000000003ffeffff]
[    0.000000]   Normal   empty
[    0.000000]   Device   empty
[    0.000000] Movable zone start for each node
[    0.000000] Early memory node ranges
[    0.000000]   node   0: [mem 0x0000000000001000-0x000000000009efff]
[    0.000000]   node   0: [mem 0x0000000000100000-0x000000003ffeffff]
[    0.000000] Reserved but unavailable: 104 pages
[    0.000000] Initmem setup node 0 [mem 0x0000000000001000-0x000000003ffeffff]
[    0.000000] ACPI: PM-Timer IO Port: 0x4008
[    0.000000] IOAPIC[0]: apic_id 2, version 32, address 0xfec00000, GSI 0-23
[    0.000000] ACPI: INT_SRC_OVR (bus 0 bus_irq 0 global_irq 2 dfl dfl)
[    0.000000] ACPI: INT_SRC_OVR (bus 0 bus_irq 9 global_irq 9 low level)
[    0.000000] Using ACPI (MADT) for SMP configuration information
[    0.000000] smpboot: Allowing 2 CPUs, 0 hotplug CPUs
[    0.000000] PM: Registered nosave memory: [mem 0x00000000-0x00000fff]
[    0.000000] PM: Registered nosave memory: [mem 0x0009f000-0x0009ffff]
[    0.000000] PM: Registered nosave memory: [mem 0x000a0000-0x000effff]
[    0.000000] PM: Registered nosave memory: [mem 0x000f0000-0x000fffff]
[    0.000000] e820: [mem 0x40000000-0xfebfffff] available for PCI devices
[    0.000000] Booting paravirtualized kernel on KVM
[    0.000000] clocksource: refined-jiffies: mask: 0xffffffff max_cycles: 0xffffffff, max_idle_ns: 7645519600211568 ns
[    0.000000] setup_percpu: NR_CPUS:8192 nr_cpumask_bits:2 nr_cpu_ids:2 nr_node_ids:1
[    0.000000] percpu: Embedded 50 pages/cpu s167936 r8192 d28672 u1048576
[    0.000000] PV qspinlock hash table entries: 256 (order: 0, 4096 bytes)
[    0.000000] Built 1 zonelists, mobility grouping on.  Total pages: 257913
[    0.000000] Policy zone: DMA32
[    0.000000] Kernel command line: BOOT_IMAGE=/boot/vmlinuz-4.15.0-212-generic root=LABEL=cloudimg-rootfs ro console=tty1 console=ttyS0
[    0.000000] Memory: 982644K/1048120K available (12300K kernel code, 2477K rwdata, 4324K rodata, 2480K init, 2720K bss, 65476K reserved, 0K cma-reserved)
[    0.000000] SLUB: HWalign=64, Order=0-3, MinObjects=0, CPUs=2, Nodes=1
[    0.000000] Kernel/User page tables isolation: enabled
[    0.000000] ftrace: allocating 39508 entries in 155 pages
[    0.004000] Hierarchical RCU implementation.
[    0.004000] 	RCU restricting CPUs from NR_CPUS=8192 to nr_cpu_ids=2.
[    0.004000] 	Tasks RCU enabled.
[    0.004000] RCU: Adjusting geometry for rcu_fanout_leaf=16, nr_cpu_ids=2
[    0.004000] NR_IRQS: 524544, nr_irqs: 440, preallocated irqs: 16
[    0.004000] random: crng init done
[    0.004000] Console: colour VGA+ 80x25
[    0.004000] console [tty1] enabled
[    0.004000] console [ttyS0] enabled
[    0.004000] ACPI: Core revision 20170831
[    0.004000] ACPI: 2 ACPI AML tables successfully acquired and loaded
[    0.004000] APIC: Switch to symmetric I/O mode setup
[    0.008000] ..TIMER: vector=0x30 apic1=0 pin1=2 apic2=-1 pin2=-1
[    0.008009] tsc: Detected 2496.000 MHz processor
[    0.012017] Calibrating delay loop (skipped) preset value.. 4992.00 BogoMIPS (lpj=9984000)
[    0.016009] pid_max: default: 32768 minimum: 301
[    0.020145] Security Framework initialized
[    0.024010] Yama: becoming mindful.
[    0.032010] AppArmor: AppArmor initialized
[    0.050613] Dentry cache hash table entries: 131072 (order: 8, 1048576 bytes)
[    0.058361] Inode-cache hash table entries: 65536 (order: 7, 524288 bytes)
[    0.060310] Mount-cache hash table entries: 2048 (order: 2, 16384 bytes)
[    0.064168] Mountpoint-cache hash table entries: 2048 (order: 2, 16384 bytes)
[    0.073709] Last level iTLB entries: 4KB 64, 2MB 8, 4MB 8
[    0.076010] Last level dTLB entries: 4KB 64, 2MB 0, 4MB 0, 1GB 4
[    0.080008] Spectre V1 : Mitigation: usercopy/swapgs barriers and __user pointer sanitization
[    0.084009] Spectre V2 : Mitigation: Retpolines
[    0.092007] Spectre V2 : Spectre v2 / SpectreRSB mitigation: Filling RSB on context switch
[    0.096007] Spectre V2 : Spectre v2 / SpectreRSB : Filling RSB on VMEXIT
[    0.100009] RETBleed: WARNING: Spectre v2 mitigation leaves CPU vulnerable to RETBleed attacks, data leaks possible!
[    0.104009] RETBleed: Vulnerable
[    0.108012] Speculative Store Bypass: Vulnerable
[    0.112190] MDS: Mitigation: Clear CPU buffers
[    0.116009] MMIO Stale Data: Mitigation: Clear CPU buffers
[    0.120010] SRBDS: Unknown: Dependent on hypervisor status
[    0.124958] Freeing SMP alternatives memory: 36K
[    0.248972] smpboot: CPU0: Intel(R) Core(TM) i5-6300U CPU @ 2.40GHz (family: 0x6, model: 0x4e, stepping: 0x3)
[    0.256064] Performance Events: unsupported p6 CPU model 78 no PMU driver, software events only.
[    0.260231] Hierarchical SRCU implementation.
[    0.265797] NMI watchdog: Perf event create on CPU 0 failed with -2
[    0.268097] NMI watchdog: Perf NMI watchdog permanently disabled
[    0.272668] smp: Bringing up secondary CPUs ...
[    0.280720] x86: Booting SMP configuration:
[    0.284008] .... node  #0, CPUs:      #1
[    0.004000] kvm-clock: cpu 1, msr 0:3ff44041, secondary cpu clock
[    0.304237] smp: Brought up 1 node, 2 CPUs
[    0.308012] smpboot: Max logical packages: 1
[    0.312009] smpboot: Total of 2 processors activated (9984.00 BogoMIPS)
[    0.321079] devtmpfs: initialized
[    0.324299] x86/mm: Memory block size: 128MB
[    0.332781] evm: security.selinux
[    0.336010] evm: security.SMACK64
[    0.340008] evm: security.SMACK64EXEC
[    0.344007] evm: security.SMACK64TRANSMUTE
[    0.348021] evm: security.SMACK64MMAP
[    0.352011] evm: security.apparmor
[    0.356009] evm: security.ima
[    0.360009] evm: security.capability
[    0.369211] clocksource: jiffies: mask: 0xffffffff max_cycles: 0xffffffff, max_idle_ns: 7645041785100000 ns
[    0.372031] futex hash table entries: 512 (order: 3, 32768 bytes)
[    0.376557] pinctrl core: initialized pinctrl subsystem
[    0.384009] RTC time:  1:47:18, date: 07/15/24
[    0.393068] NET: Registered protocol family 16
[    0.396229] audit: initializing netlink subsys (disabled)
[    0.404013] audit: type=2000 audit(1721008044.511:1): state=initialized audit_enabled=0 res=1
[    0.428028] cpuidle: using governor ladder
[    0.436024] cpuidle: using governor menu
[    0.444222] ACPI: bus type PCI registered
[    0.456008] acpiphp: ACPI Hot Plug PCI Controller Driver version: 0.5
[    0.472240] PCI: Using configuration type 1 for base access
[    0.496172] HugeTLB registered 2.00 MiB page size, pre-allocated 0 pages
[    0.516159] ACPI: Added _OSI(Module Device)
[    0.524009] ACPI: Added _OSI(Processor Device)
[    0.536009] ACPI: Added _OSI(3.0 _SCP Extensions)
[    0.544008] ACPI: Added _OSI(Processor Aggregator Device)
[    0.552010] ACPI: Added _OSI(Linux-Dell-Video)
[    0.560016] ACPI: Added _OSI(Linux-Lenovo-NV-HDMI-Audio)
[    0.572010] ACPI: Added _OSI(Linux-HPI-Hybrid-Graphics)
[    0.586124] ACPI: Executed 1 blocks of module-level executable AML code
[    0.608000] ACPI: Interpreter enabled
[    0.616044] ACPI: (supports S0 S5)
[    0.620007] ACPI: Using IOAPIC for interrupt routing
[    0.632085] PCI: Using host bridge windows from ACPI; if necessary, use "pci=nocrs" and report a bug
[    0.648450] ACPI: Enabled 2 GPEs in block 00 to 07
[    0.680117] ACPI: PCI Root Bridge [PCI0] (domain 0000 [bus 00-ff])
[    0.688020] acpi PNP0A03:00: _OSC: OS supports [ASPM ClockPM Segments MSI]
[    0.704292] acpi PNP0A03:00: _OSC: not requesting OS control; OS requires [ExtendedConfig ASPM ClockPM MSI]
[    0.720028] acpi PNP0A03:00: fail to add MMCONFIG information, can't access extended PCI configuration space under this bridge.
[    0.740561] PCI host bridge to bus 0000:00
[    0.752014] pci_bus 0000:00: root bus resource [io  0x0000-0x0cf7 window]
[    0.768011] pci_bus 0000:00: root bus resource [io  0x0d00-0xffff window]
[    0.780011] pci_bus 0000:00: root bus resource [mem 0x000a0000-0x000bffff window]
[    0.796013] pci_bus 0000:00: root bus resource [mem 0x40000000-0xfdffffff window]
[    0.808013] pci_bus 0000:00: root bus resource [bus 00-ff]
[    0.831864] pci 0000:00:01.1: legacy IDE quirk: reg 0x10: [io  0x01f0-0x01f7]
[    0.844010] pci 0000:00:01.1: legacy IDE quirk: reg 0x14: [io  0x03f6]
[    0.860016] pci 0000:00:01.1: legacy IDE quirk: reg 0x18: [io  0x0170-0x0177]
[    0.872015] pci 0000:00:01.1: legacy IDE quirk: reg 0x1c: [io  0x0376]
[    0.928227] pci 0000:00:07.0: quirk: [io  0x4000-0x403f] claimed by PIIX4 ACPI
[    0.944121] pci 0000:00:07.0: quirk: [io  0x4100-0x410f] claimed by PIIX4 SMB
[    0.974745] ACPI: PCI Interrupt Link [LNKA] (IRQs 5 9 10 *11)
[    0.989342] ACPI: PCI Interrupt Link [LNKB] (IRQs 5 9 *10 11)
[    1.000321] ACPI: PCI Interrupt Link [LNKC] (IRQs 5 *9 10 11)
[    1.012339] ACPI: PCI Interrupt Link [LNKD] (IRQs 5 9 10 *11)
[    1.029056] SCSI subsystem initialized
[    1.044271] pci 0000:00:02.0: vgaarb: setting as boot VGA device
[    1.048000] pci 0000:00:02.0: vgaarb: VGA device added: decodes=io+mem,owns=io+mem,locks=none
[    1.084014] pci 0000:00:02.0: vgaarb: bridge control possible
[    1.100011] vgaarb: loaded
[    1.108129] ACPI: bus type USB registered
[    1.116140] usbcore: registered new interface driver usbfs
[    1.128100] usbcore: registered new interface driver hub
[    1.140032] usbcore: registered new device driver usb
[    1.156319] EDAC MC: Ver: 3.0.0
[    1.165094] PCI: Using ACPI for IRQ routing
[    1.177560] NetLabel: Initializing
[    1.188008] NetLabel:  domain hash size = 128
[    1.208007] NetLabel:  protocols = UNLABELED CIPSOv4 CALIPSO
[    1.220035] NetLabel:  unlabeled traffic allowed by default
[    1.232405] clocksource: Switched to clocksource kvm-clock
[    1.339042] VFS: Disk quotas dquot_6.6.0
[    1.348208] VFS: Dquot-cache hash table entries: 512 (order 0, 4096 bytes)
[    1.360594] AppArmor: AppArmor Filesystem Enabled
[    1.369386] pnp: PnP ACPI init
[    1.382109] pnp: PnP ACPI: found 3 devices
[    1.401845] clocksource: acpi_pm: mask: 0xffffff max_cycles: 0xffffff, max_idle_ns: 2085701024 ns
[    1.423515] NET: Registered protocol family 2
[    1.434935] IP idents hash table entries: 16384 (order: 5, 131072 bytes)
[    1.448241] TCP established hash table entries: 8192 (order: 4, 65536 bytes)
[    1.461314] TCP bind hash table entries: 8192 (order: 5, 131072 bytes)
[    1.472940] TCP: Hash tables configured (established 8192 bind 8192)
[    1.487170] UDP hash table entries: 512 (order: 2, 16384 bytes)
[    1.500090] UDP-Lite hash table entries: 512 (order: 2, 16384 bytes)
[    1.513285] NET: Registered protocol family 1
[    1.520344] pci 0000:00:00.0: Limiting direct PCI/PCI transfers
[    1.533047] pci 0000:00:01.0: Activating ISA DMA hang workarounds
[    1.547148] pci 0000:00:02.0: Video device with shadowed ROM at [mem 0x000c0000-0x000dffff]
[    1.562449] Unpacking initramfs...
[    1.732213] Freeing initrd memory: 19528K
[    2.551545] clocksource: tsc: mask: 0xffffffffffffffff max_cycles: 0x23fa772cf26, max_idle_ns: 440795269835 ns
[    2.570386] platform rtc_cmos: registered platform RTC device (no PNP device found)
[    2.584784] Scanning for low memory corruption every 60 seconds
[    2.599181] Initialise system trusted keyrings
[    2.613855] Key type blacklist registered
[    2.621482] workingset: timestamp_bits=36 max_order=18 bucket_order=0
[    2.638824] zbud: loaded
[    2.650386] squashfs: version 4.0 (2009/01/31) Phillip Lougher
[    2.663754] fuse init (API version 7.26)
[    2.705065] Key type asymmetric registered
[    2.714438] Asymmetric key parser 'x509' registered
[    2.722696] Block layer SCSI generic (bsg) driver version 0.4 loaded (major 246)
[    2.737567] io scheduler noop registered
[    2.746494] io scheduler deadline registered
[    2.755342] io scheduler cfq registered (default)
[    2.768705] ACPI: AC Adapter [AC] (on-line)
[    2.778008] input: Power Button as /devices/LNXSYSTM:00/LNXPWRBN:00/input/input0
[    2.790081] ACPI: Power Button [PWRF]
[    2.798547] input: Sleep Button as /devices/LNXSYSTM:00/LNXSLPBN:00/input/input1
[    2.812450] ACPI: Sleep Button [SLPF]
[    2.820035] Serial: 8250/16550 driver, 32 ports, IRQ sharing enabled
[    2.822636] ACPI: Battery Slot [BAT0] (battery present)
[    2.880435] 00:02: ttyS0 at I/O 0x3f8 (irq = 4, base_baud = 115200) is a 16550A
[    2.901172] Linux agpgart interface v0.103
[    2.935523] loop: module loaded
[    2.947562] scsi host0: ata_piix
[    2.955072] scsi host1: ata_piix
[    2.962789] ata1: PATA max UDMA/33 cmd 0x1f0 ctl 0x3f6 bmdma 0xd000 irq 14
[    2.973924] ata2: PATA max UDMA/33 cmd 0x170 ctl 0x376 bmdma 0xd008 irq 15
[    2.988962] tun: Universal TUN/TAP device driver, 1.6
[    3.002416] PPP generic driver version 2.4.2
[    3.011455] ehci_hcd: USB 2.0 'Enhanced' Host Controller (EHCI) Driver
[    3.021719] ehci-pci: EHCI PCI platform driver
[    3.030571] ehci-platform: EHCI generic platform driver
[    3.038260] ohci_hcd: USB 1.1 'Open' Host Controller (OHCI) Driver
[    3.049174] ohci-pci: OHCI PCI platform driver
[    3.056686] ohci-platform: OHCI generic platform driver
[    3.066886] uhci_hcd: USB Universal Host Controller Interface driver
[    3.077769] i8042: PNP: PS/2 Controller [PNP0303:PS2K,PNP0f03:PS2M] at 0x60,0x64 irq 1,12
[    3.096573] serio: i8042 KBD port at 0x60,0x64 irq 1
[    3.103685] serio: i8042 AUX port at 0x60,0x64 irq 12
[    3.113969] mousedev: PS/2 mouse device common for all mice
[    3.134098] rtc_cmos rtc_cmos: rtc core: registered rtc_cmos as rtc0
[    3.149106] rtc_cmos rtc_cmos: alarms up to one day, 114 bytes nvram
[    3.161793] i2c /dev entries driver
[    3.169687] device-mapper: uevent: version 1.0.3
[    3.179395] device-mapper: ioctl: 4.37.0-ioctl (2017-09-20) initialised: dm-devel@redhat.com
[    3.204788] ledtrig-cpu: registered to indicate activity on CPUs
[    3.215943] input: AT Translated Set 2 keyboard as /devices/platform/i8042/serio0/input/input2
[    3.236555] NET: Registered protocol family 10
[    3.262630] Segment Routing with IPv6
[    3.269577] NET: Registered protocol family 17
[    3.280009] Key type dns_resolver registered
[    3.288640] mce: Using 0 MCE banks
[    3.295624] RAS: Correctable Errors collector initialized.
[    3.299456] sched_clock: Marking stable (3295456561, 0)->(4993275892, -1697819331)
[    3.325907] registered taskstats version 1
[    3.334307] Loading compiled-in X.509 certificates
[    3.353660] Loaded X.509 cert 'Build time autogenerated kernel key: b5b26778eaa3ab3a4a6cee031137706e947d12ad'
[    3.371217] Loaded X.509 cert 'Canonical Ltd. Live Patch Signing: 14df34d1a87cf37625abec039ef2bf521249b969'
[    3.391149] Loaded X.509 cert 'Canonical Ltd. Kernel Module Signing: 88f752e560a1e0737e31163a466ad7b70a850c19'
[    3.409490] blacklist: Loading compiled-in revocation X.509 certificates
[    3.420183] Loaded X.509 cert 'Canonical Ltd. Secure Boot Signing: 61482aa2830d0ab2ad5af10b7250da9033ddcef0'
[    3.448458] Loaded X.509 cert 'Canonical Ltd. Secure Boot Signing (2017): 242ade75ac4a15e50d50c84b0d45ff3eae707a03'
[    3.468391] Loaded X.509 cert 'Canonical Ltd. Secure Boot Signing (ESM 2018): 365188c1d374d6b07c3c8f240f8ef722433d6a8b'
[    3.489873] Loaded X.509 cert 'Canonical Ltd. Secure Boot Signing (2019): c0746fd6c5da3ae827864651ad66ae47fe24b3e8'
[    3.512551] Loaded X.509 cert 'Canonical Ltd. Secure Boot Signing (2021 v1): a8d54bbb3825cfb94fa13c9f8a594a195c107b8d'
[    3.534830] Loaded X.509 cert 'Canonical Ltd. Secure Boot Signing (2021 v2): 4cf046892d6fd3c9a5b03f98d845f90851dc6a8c'
[    3.556854] Loaded X.509 cert 'Canonical Ltd. Secure Boot Signing (2021 v3): 100437bb6de6e469b581e61cd66bce3ef4ed53af'
[    3.578409] Loaded X.509 cert 'Canonical Ltd. Secure Boot Signing (Ubuntu Core 2019): c1d57b8f6b743f23ee41f4f7ee292f06eecadfb9'
[    3.600342] zswap: loaded using pool lzo/zbud
[    3.630839] Key type big_key registered
[    3.638206] Key type trusted registered
[    3.656226] Key type encrypted registered
[    3.664438] AppArmor: AppArmor sha1 policy hashing enabled
[    3.672771] ima: No TPM chip found, activating TPM-bypass! (rc=-19)
[    3.684425] ima: Allocated hash algorithm: sha1
[    3.693735] evm: HMAC attrs: 0x1
[    3.700106]   Magic number: 0:472:761
[    3.712573] rtc_cmos rtc_cmos: setting system clock to 2024-07-15 01:47:21 UTC (1721008041)
[    3.731415] BIOS EDD facility v0.16 2004-Jun-25, 0 devices found
[    3.744383] EDD information not available.
[    3.760387] Freeing unused kernel image memory: 2480K
[    3.800261] Write protecting the kernel read-only data: 20480k
[    3.822167] Freeing unused kernel image memory: 2008K
[    3.832757] Freeing unused kernel image memory: 1820K
[    3.852319] x86/mm: Checked W+X mappings: passed, no W+X pages found.
[    3.863406] x86/mm: Checking user space page tables
[    3.882366] x86/mm: Checked W+X mappings: passed, no W+X pages found.
Loading, please wait...
starting version 237
[    4.118425] e1000: Intel(R) PRO/1000 Network Driver - version 7.3.21-k8-NAPI
[    4.131551] e1000: Copyright (c) 1999-2006 Intel Corporation.
[    4.153306] Fusion MPT base driver 3.04.20
[    4.165617] Copyright (c) 1999-2008 LSI Corporation
[    4.255197] SSE version of gcm_enc/dec engaged.
[    4.284721] Fusion MPT SPI Host driver 3.04.20
[    4.450588] input: ImExPS/2 Generic Explorer Mouse as /devices/platform/i8042/serio1/input/input4
[    5.399443] e1000 0000:00:03.0 eth0: (PCI:33MHz:32-bit) 02:3b:7b:b7:3b:2d
[    5.413376] e1000 0000:00:03.0 eth0: Intel(R) PRO/1000 Network Connection
[    5.437214] mptbase: ioc0: Initiating bringup
[    5.437538] e1000 0000:00:03.0 enp0s3: renamed from eth0
[    5.572592] ioc0: LSI53C1030 A0: Capabilities={Initiator}
[    5.854586] scsi host2: ioc0: LSI53C1030 A0, FwRev=00000000h, Ports=1, MaxQ=256, IRQ=20
[    6.062336] scsi 2:0:0:0: Direct-Access     VBOX     HARDDISK         1.0  PQ: 0 ANSI: 5
[    6.112474] scsi target2:0:0: Beginning Domain Validation
[    6.137289] scsi target2:0:0: Domain Validation skipping write tests
[    6.150010] scsi target2:0:0: Ending Domain Validation
[    6.160820] scsi target2:0:0: asynchronous
[    6.173591] scsi 2:0:1:0: Direct-Access     VBOX     HARDDISK         1.0  PQ: 0 ANSI: 5
[    6.216124] scsi target2:0:1: Beginning Domain Validation
[    6.244650] scsi target2:0:1: Domain Validation skipping write tests
[    6.257681] scsi target2:0:1: Ending Domain Validation
[    6.270802] scsi target2:0:1: asynchronous
[    6.309647] sd 2:0:0:0: [sda] 83886080 512-byte logical blocks: (42.9 GB/40.0 GiB)
[    6.323024] sd 2:0:0:0: Attached scsi generic sg0 type 0
[    6.323655] sd 2:0:0:0: [sda] Write Protect is off
[    6.335158] sd 2:0:1:0: Attached scsi generic sg1 type 0
[    6.357416] sd 2:0:0:0: [sda] Incomplete mode parameter data
[    6.368787] sd 2:0:0:0: [sda] Assuming drive cache: write through
[    6.368927] sd 2:0:1:0: [sdb] 20480 512-byte logical blocks: (10.5 MB/10.0 MiB)
[    6.397317] sd 2:0:1:0: [sdb] Write Protect is off
[    6.414916] sd 2:0:1:0: [sdb] Incomplete mode parameter data
[    6.428106] sd 2:0:1:0: [sdb] Assuming drive cache: write through
[    6.443810]  sda: sda1
[    6.455288] sd 2:0:1:0: [sdb] Attached SCSI disk
[    6.455821] sd 2:0:0:0: [sda] Attached SCSI disk
Begin: Loading essential drivers ... 